SeaBIOS (version rel-1.13.0-48-gd9c812dda519-prebuilt.qemu.org)
BUILD: gcc: (GCC) 4.8.5 20150623 (Red Hat 4.8.5-39) binutils: version 2.27-43.base.el7_8.1
No Xen hypervisor found.
Running on QEMU (i440fx)
Running on KVM
Found QEMU fw_cfg
QEMU fw_cfg DMA interface supported
qemu/e820: addr 0x0000000000000000 len 0x0000000020000000 [RAM]
Relocating init from 0x000d4bf0 to 0x1ffa9460 (size 92944)
Moving pm_base to 0x600
kvmclock: at 0xeae20 (msr 0x4b564d01)
kvmclock: stable tsc, 2902 MHz
CPU Mhz=2902 (kvmclock)
=== PCI bus & bridge init ===
PCI: pci_bios_init_bus_rec bus = 0x0
=== PCI device probing ===
Found 6 PCI devices (max PCI bus is 00)
=== PCI new allocation pass #1 ===
PCI: check devices
=== PCI new allocation pass #2 ===
PCI: IO: c000 - c0af
PCI: 32: 0000000080000000 - 00000000fec00000
PCI: map device bdf=00:03.0  bar 0, addr 0000c000, size 00000080 [io]
PCI: map device bdf=00:02.0  bar 0, addr 0000c080, size 00000020 [io]
PCI: map device bdf=00:01.1  bar 4, addr 0000c0a0, size 00000010 [io]
PCI: map device bdf=00:02.0  bar 6, addr feb80000, size 00040000 [mem]
PCI: map device bdf=00:02.0  bar 1, addr febc0000, size 00001000 [mem]
PCI: map device bdf=00:03.0  bar 1, addr febc1000, size 00001000 [mem]
PCI: map device bdf=00:02.0  bar 4, addr febf8000, size 00004000 [prefmem]
PCI: map device bdf=00:03.0  bar 4, addr febfc000, size 00004000 [prefmem]
PCI: init bdf=00:00.0 id=8086:1237
PCI: init bdf=00:01.0 id=8086:7000
PIIX3/PIIX4 init: elcr=00 0c
PCI: init bdf=00:01.1 id=8086:7010
PCI: init bdf=00:01.3 id=8086:7113
PCI: init bdf=00:02.0 id=1af4:1000
PCI: init bdf=00:03.0 id=1af4:1001
PCI: No VGA devices found
Found 1 cpu(s) max supported 1 cpu(s)
Copying PIR from 0x1ffbfc8c to 0x000f5b90
Copying MPTABLE from 0x00006d30/1ffa01f0 to 0x000f5aa0
Copying SMBIOS entry point from 0x00006d30 to 0x000f58e0
table(50434146)=0x1ffe1398 (via rsdt)
ACPI: parse DSDT at 0x1ffe0040 (len 4952)
Scan for VGA option rom
No VGA found, scan for other display
sercon: using ioport 0x3f8
sercon: configuring as primary display
Turning on vga text mode console
SeaBIOS (version rel-1.13.0-48-gd9c812dda519-prebuilt.qemu.org)
Searching bootorder for: /pci@i0cf8/isa@1/fdc@03f0/floppy@0
ATA controller 1 at 1f0/3f4/0 (irq 14 dev 9)
ATA controller 2 at 170/374/0 (irq 15 dev 9)
Searching bootorder for: HALT
found virtio-blk at 00:03.0
pci dev 00:03.0 virtio cap at 0x84 type 5 [pci cfg access]
pci dev 00:03.0 virtio cap at 0x70 type 2 bar 4 at 0xfebfc000 off +0x3000 [mmio]
pci dev 00:03.0 virtio cap at 0x60 type 4 bar 4 at 0xfebfc000 off +0x2000 [mmio]
pci dev 00:03.0 virtio cap at 0x50 type 3 bar 4 at 0xfebfc000 off +0x1000 [mmio]
pci dev 00:03.0 virtio cap at 0x40 type 1 bar 4 at 0xfebfc000 off +0x0000 [mmio]
pci dev 00:03.0 using modern (1.0) virtio mode
Searching bootorder for: /pci@i0cf8/*@3
Searching bios-geometry for: /pci@i0cf8/*@3
DVD/CD [ata1-0: QEMU DVD-ROM ATAPI-4 DVD/CD]
Searching bootorder for: /pci@i0cf8/*@1,1/drive@1/disk@0
Searching bios-geometry for: /pci@i0cf8/*@1,1/drive@1/disk@0
Device reports MEDIUM NOT PRESENT
Found 1 lpt ports
Found 1 serial ports
PS2 keyboard initialized
All threads complete.
Scan for option roms
Running option rom at c000:0003
pmm call arg1=1
pmm call arg1=0
pmm call arg1=1
pmm call arg1=0
Searching bootorder for: /pci@i0cf8/*@2
Searching bootorder for: /rom@genroms/kvmvapic.bin
Searching bootorder for: HALT
drive 0x000eadc0: PCHS=79/16/63 translation=none LCHS=79/16/63 s=80325
Running option rom at c100:0003
Space available for UMB: c3800-ea000, f5410-f57f0
Returned 118784 bytes of ZoneHigh
e820 map has 7 items:
  0: 0000000000000000 - 000000000009fc00 = 1 RAM
  1: 000000000009fc00 - 00000000000a0000 = 2 RESERVED
  2: 00000000000f0000 - 0000000000100000 = 2 RESERVED
  3: 0000000000100000 - 000000001ffdd000 = 1 RAM
  4: 000000001ffdd000 - 0000000020000000 = 2 RESERVED
  5: 00000000feffc000 - 00000000ff000000 = 2 RESERVED
  6: 00000000fffc0000 - 0000000100000000 = 2 RESERVED
enter handle_19:
  NULL
Booting from Hard Disk...
Booting from 0000:7c00
